<?xml version="1.0" encoding="UTF-8"?>
<!-- Generated by org.testng.reporters.JUnitXMLReporter -->
<testsuite ignored="6" hostname="DESKTOP-PPS1TL0" failures="0" tests="1" name="Default test" time="11.778" errors="0" timestamp="2023-11-21T18:31:37 EST">
  <testcase classname="pagesTest.HomePageTest" name="use_of_partialLinkText_as_locator_in_forgot_password_hyperlink" time="9.05"/>
  <testcase classname="pagesTest.HomePageTest" name="use_of_linktext_as_locator_in_forgot_password_id_hyperlink" time="0.0">
    <ignored/>
  </testcase> <!-- use_of_linktext_as_locator_in_forgot_password_id_hyperlink -->
  <testcase classname="pagesTest.HomePageTest" name="clickLoginButtonTest" time="0.0">
    <ignored/>
  </testcase> <!-- clickLoginButtonTest -->
  <testcase classname="pagesTest.HomePageTest" name="use_of_xpath_as_locator_in_password_button" time="0.0">
    <ignored/>
  </testcase> <!-- use_of_xpath_as_locator_in_password_button -->
  <testcase classname="pagesTest.HomePageTest" name="use_of_xpath_as_locator_in_forgot_user_id_hyperlink" time="0.0">
    <ignored/>
  </testcase> <!-- use_of_xpath_as_locator_in_forgot_user_id_hyperlink -->
  <testcase classname="pagesTest.HomePageTest" name="use_of_xpath_as_locator_in_user_name_button" time="0.0">
    <ignored/>
  </testcase> <!-- use_of_xpath_as_locator_in_user_name_button -->
  <testcase classname="pagesTest.HomePageTest" name="inputTextInUserIdFieldTest" time="0.0">
    <ignored/>
  </testcase> <!-- inputTextInUserIdFieldTest -->
</testsuite> <!-- Default test -->
