<?xml version="1.0" encoding="UTF-8"?>
<testng-results ignored="0" total="1" passed="1" failed="0" skipped="0">
  <reporter-output>
  </reporter-output>
  <suite started-at="2023-11-21T18:31:25 EST" name="Default suite" finished-at="2023-11-21T18:31:37 EST" duration-ms="11778">
    <groups>
    </groups>
    <test started-at="2023-11-21T18:31:25 EST" name="Default test" finished-at="2023-11-21T18:31:37 EST" duration-ms="11778">
      <class name="pagesTest.HomePageTest">
        <test-method is-config="true" signature="setUP()[pri:0, instance:pagesTest.HomePageTest@1b7cc17c]" started-at="2023-11-21T18:31:25 EST" name="setUP" finished-at="2023-11-21T18:31:28 EST" duration-ms="2664" status="PASS">
          <reporter-output>
          </reporter-output>
        </test-method> <!-- setUP -->
        <test-method signature="use_of_partialLinkText_as_locator_in_forgot_password_hyperlink()[pri:0, instance:pagesTest.HomePageTest@1b7cc17c]" started-at="2023-11-21T18:31:28 EST" name="use_of_partialLinkText_as_locator_in_forgot_password_hyperlink" finished-at="2023-11-21T18:31:37 EST" duration-ms="9050" status="PASS">
          <reporter-output>
          </reporter-output>
        </test-method> <!-- use_of_partialLinkText_as_locator_in_forgot_password_hyperlink -->
        <test-method is-config="true" signature="tearUp()[pri:0, instance:pagesTest.HomePageTest@1b7cc17c]" started-at="2023-11-21T18:31:37 EST" name="tearUp" finished-at="2023-11-21T18:31:37 EST" duration-ms="47" status="PASS">
          <reporter-output>
          </reporter-output>
        </test-method> <!-- tearUp -->
      </class> <!-- pagesTest.HomePageTest -->
    </test> <!-- Default test -->
  </suite> <!-- Default suite -->
</testng-results>
